<?xml version="1.0" encoding="UTF-8"?>
<!-- Generated by org.testng.reporters.JUnitReportReporter -->
<testsuite skipped="0" hostname="DESKTOP-VN1V6RC" name="testNGPackage.Parameterization" tests="1" failures="0" timestamp="2020-04-25T12:31:00 PKT" time="0.012" errors="0">
  <testcase name="Login" time="0.012" classname="testNGPackage.Parameterization"/>
  <system-out/>
</testsuite> <!-- testNGPackage.Parameterization -->
