<?xml version="1.0" encoding="UTF-8"?>
<!-- Generated by org.testng.reporters.JUnitReportReporter -->
<testsuite skipped="0" hostname="DESKTOP-VN1V6RC" name="testNGPackage.DataProviderClass" tests="3" failures="0" timestamp="2020-04-25T14:10:21 PKT" time="0.013" errors="0">
  <testcase name="test" time="0.010" classname="testNGPackage.DataProviderClass"/>
  <system-out/>
  <testcase name="test" time="0.002" classname="testNGPackage.DataProviderClass"/>
  <system-out/>
  <testcase name="test" time="0.001" classname="testNGPackage.DataProviderClass"/>
  <system-out/>
</testsuite> <!-- testNGPackage.DataProviderClass -->
