<?xml version="1.0" encoding="UTF-8"?>
<!-- Generated by org.testng.reporters.JUnitReportReporter -->
<testsuite skipped="0" hostname="DESKTOP-VN1V6RC" name="testNGPackage.testNGClass" tests="1" failures="0" timestamp="2020-04-24T17:18:46 PKT" time="0.006" errors="0">
  <testcase name="test" time="0.006" classname="testNGPackage.testNGClass"/>
  <system-out/>
</testsuite> <!-- testNGPackage.testNGClass -->
